<?xml version="1.0" encoding="UTF-8"?>
<!-- Generated by org.testng.reporters.JUnitXMLReporter -->
<testsuite hostname="HO-SVS-MAMALLAN-LAP" ignored="3" name="Default test(failed)" tests="1" failures="1" timestamp="18 Jun 2022 17:27:47 GMT" time="0.066" errors="0">
  <testcase name="tc4" time="0.013" classname="org.testngannota.RerunTestCases">
    <failure type="java.lang.NullPointerException">
      <![CDATA[java.lang.NullPointerException
at org.utilities.BaseClass.toPrintTitle(BaseClass.java:66)
... Removed 26 stack frames]]>
    </failure>
  </testcase> <!-- tc4 -->
  <testcase name="tc1" time="0.0" classname="org.testngannota.RerunTestCases">
    <ignored/>
  </testcase> <!-- tc1 -->
  <testcase name="tc3" time="0.0" classname="org.testngannota.RerunTestCases">
    <ignored/>
  </testcase> <!-- tc3 -->
  <testcase name="tc2" time="0.0" classname="org.testngannota.RerunTestCases">
    <ignored/>
  </testcase> <!-- tc2 -->
</testsuite> <!-- Default test(failed) -->
